c:\users\administrator\documents\visual studio 2015\projects\sdl_example_project1\gamegine\x64\debug\gamegine.pdb
c:\users\administrator\documents\visual studio 2015\projects\sdl_example_project1\gamegine\x64\debug\gamegine.idb
c:\users\administrator\documents\visual studio 2015\projects\sdl_example_project1\gamegine\x64\debug\errors.obj
c:\users\administrator\documents\visual studio 2015\projects\sdl_example_project1\gamegine\x64\debug\glslprogram.obj
c:\users\administrator\documents\visual studio 2015\projects\sdl_example_project1\gamegine\x64\debug\gltexture.obj
c:\users\administrator\documents\visual studio 2015\projects\sdl_example_project1\gamegine\x64\debug\imageloader.obj
c:\users\administrator\documents\visual studio 2015\projects\sdl_example_project1\gamegine\x64\debug\iomanager.obj
c:\users\administrator\documents\visual studio 2015\projects\sdl_example_project1\gamegine\x64\debug\picopng.obj
c:\users\administrator\documents\visual studio 2015\projects\sdl_example_project1\gamegine\x64\debug\resourcemanager.obj
c:\users\administrator\documents\visual studio 2015\projects\sdl_example_project1\gamegine\x64\debug\sprite.obj
c:\users\administrator\documents\visual studio 2015\projects\sdl_example_project1\gamegine\x64\debug\texturecache.obj
c:\users\administrator\documents\visual studio 2015\projects\sdl_example_project1\gamegine\x64\debug\vertex.obj
c:\users\administrator\documents\visual studio 2015\projects\sdl_example_project1\gamegine\x64\debug\window.obj
c:\users\administrator\documents\visual studio 2015\projects\sdl_example_project1\gamegine\x64\debug\gamegine.obj
c:\users\administrator\documents\visual studio 2015\projects\sdl_example_project1\x64\debug\gamegine.lib
c:\users\administrator\documents\visual studio 2015\projects\sdl_example_project1\x64\debug\gamegine.pdb
c:\users\administrator\documents\visual studio 2015\projects\sdl_example_project1\gamegine\x64\debug\gamegine.tlog\cl.command.1.tlog
c:\users\administrator\documents\visual studio 2015\projects\sdl_example_project1\gamegine\x64\debug\gamegine.tlog\cl.read.1.tlog
c:\users\administrator\documents\visual studio 2015\projects\sdl_example_project1\gamegine\x64\debug\gamegine.tlog\cl.write.1.tlog
c:\users\administrator\documents\visual studio 2015\projects\sdl_example_project1\gamegine\x64\debug\gamegine.tlog\lib.command.1.tlog
c:\users\administrator\documents\visual studio 2015\projects\sdl_example_project1\gamegine\x64\debug\gamegine.tlog\lib.read.1.tlog
c:\users\administrator\documents\visual studio 2015\projects\sdl_example_project1\gamegine\x64\debug\gamegine.tlog\lib.write.1.tlog
