  MainGame.cpp
e:\x_hsu\opengl_2d_game\sdl_example_project\maingame.h(4): fatal error C1083: 无法打开包括文件: “SDL/glew.h”: No such file or directory
  main.cpp
e:\x_hsu\opengl_2d_game\sdl_example_project\main.cpp(3): fatal error C1083: 无法打开包括文件: “SDL/SDL.h”: No such file or directory
  Window.cpp
e:\x_hsu\opengl_2d_game\gamegine\window.cpp(34): warning C4244: “参数”: 从“Uint64”转换到“Uint32”，可能丢失数据
  vertex.cpp
  TextureCache.cpp
  Sprite.cpp
  resourceManager.cpp
  picoPNG.cpp
  IOManager.cpp
e:\x_hsu\opengl_2d_game\gamegine\iomanager.cpp(18): warning C4244: “初始化”: 从“std::streamoff”转换到“int”，可能丢失数据
e:\x_hsu\opengl_2d_game\gamegine\iomanager.cpp(22): warning C4244: “-=”: 从“std::streamoff”转换到“int”，可能丢失数据
  ImageLoader.cpp
  GLTexture.cpp
  GLSLProgram.cpp
e:\x_hsu\opengl_2d_game\gamegine\glslprogram.cpp(151): warning C4018: “<”: 有符号/无符号不匹配
e:\x_hsu\opengl_2d_game\gamegine\glslprogram.cpp(162): warning C4018: “<”: 有符号/无符号不匹配
  Gamegine.cpp
  Errors.cpp
  Camera2D.cpp
e:\x_hsu\opengl_2d_game\gamegine\camera2d.h(2): fatal error C1083: 无法打开包括文件: “glm/glm.hpp”: No such file or directory
  正在生成代码...
