c:\users\administrator\documents\visual studio 2015\projects\sdl_example_project1\sdl_example_project1\x64\debug\vc140.pdb
c:\users\administrator\documents\visual studio 2015\projects\sdl_example_project1\sdl_example_project1\x64\debug\vc140.idb
c:\users\administrator\documents\visual studio 2015\projects\sdl_example_project1\sdl_example_project1\x64\debug\errors.obj
c:\users\administrator\documents\visual studio 2015\projects\sdl_example_project1\sdl_example_project1\x64\debug\glslprogram.obj
c:\users\administrator\documents\visual studio 2015\projects\sdl_example_project1\sdl_example_project1\x64\debug\main.obj
c:\users\administrator\documents\visual studio 2015\projects\sdl_example_project1\sdl_example_project1\x64\debug\maingame.obj
c:\users\administrator\documents\visual studio 2015\projects\sdl_example_project1\sdl_example_project1\x64\debug\sprite.obj
c:\users\administrator\documents\visual studio 2015\projects\sdl_example_project1\sdl_example_project1\x64\debug\vertex.obj
c:\users\administrator\documents\visual studio 2015\projects\sdl_example_project1\sdl_example_project1\x64\debug\iomanager.obj
c:\users\administrator\documents\visual studio 2015\projects\sdl_example_project1\sdl_example_project1\x64\debug\gltexture.obj
c:\users\administrator\documents\visual studio 2015\projects\sdl_example_project1\sdl_example_project1\x64\debug\imageloader.obj
c:\users\administrator\documents\visual studio 2015\projects\sdl_example_project1\sdl_example_project1\x64\debug\picopng.obj
c:\users\administrator\documents\visual studio 2015\projects\sdl_example_project1\sdl_example_project1\x64\debug\resourcemanager.obj
c:\users\administrator\documents\visual studio 2015\projects\sdl_example_project1\sdl_example_project1\x64\debug\texturecache.obj
c:\users\administrator\documents\visual studio 2015\projects\sdl_example_project1\sdl_example_project1\x64\debug\sdl_example_project1.res
c:\users\administrator\documents\visual studio 2015\projects\sdl_example_project1\x64\debug\sdl_example_project1.pdb
c:\users\administrator\documents\visual studio 2015\projects\sdl_example_project1\x64\debug\sdl_example_project1.exe
c:\users\administrator\documents\visual studio 2015\projects\sdl_example_project1\x64\debug\sdl_example_project1.ilk
c:\users\administrator\documents\visual studio 2015\projects\sdl_example_project1\sdl_example_project1\x64\debug\sdl_exam.99ff0714.tlog\cl.command.1.tlog
c:\users\administrator\documents\visual studio 2015\projects\sdl_example_project1\sdl_example_project1\x64\debug\sdl_exam.99ff0714.tlog\cl.read.1.tlog
c:\users\administrator\documents\visual studio 2015\projects\sdl_example_project1\sdl_example_project1\x64\debug\sdl_exam.99ff0714.tlog\cl.write.1.tlog
c:\users\administrator\documents\visual studio 2015\projects\sdl_example_project1\sdl_example_project1\x64\debug\sdl_exam.99ff0714.tlog\link.9884-rc.read.1.tlog
c:\users\administrator\documents\visual studio 2015\projects\sdl_example_project1\sdl_example_project1\x64\debug\sdl_exam.99ff0714.tlog\link.9884-rc.write.1.tlog
c:\users\administrator\documents\visual studio 2015\projects\sdl_example_project1\sdl_example_project1\x64\debug\sdl_exam.99ff0714.tlog\link.9884.read.3.tlog
c:\users\administrator\documents\visual studio 2015\projects\sdl_example_project1\sdl_example_project1\x64\debug\sdl_exam.99ff0714.tlog\link.command.1.tlog
c:\users\administrator\documents\visual studio 2015\projects\sdl_example_project1\sdl_example_project1\x64\debug\sdl_exam.99ff0714.tlog\link.read.1.tlog
c:\users\administrator\documents\visual studio 2015\projects\sdl_example_project1\sdl_example_project1\x64\debug\sdl_exam.99ff0714.tlog\link.read.4.tlog
c:\users\administrator\documents\visual studio 2015\projects\sdl_example_project1\sdl_example_project1\x64\debug\sdl_exam.99ff0714.tlog\link.write.1.tlog
c:\users\administrator\documents\visual studio 2015\projects\sdl_example_project1\sdl_example_project1\x64\debug\sdl_exam.99ff0714.tlog\rc.command.1.tlog
c:\users\administrator\documents\visual studio 2015\projects\sdl_example_project1\sdl_example_project1\x64\debug\sdl_exam.99ff0714.tlog\rc.read.1.tlog
c:\users\administrator\documents\visual studio 2015\projects\sdl_example_project1\sdl_example_project1\x64\debug\sdl_exam.99ff0714.tlog\rc.write.1.tlog
